Oct 14 16:05:22 zigbee2mqtt pnpm[4403]: [2025-10-14 16:05:22] debug:         z2m: Skipping discovery of 'climate/0x1051dbfffe1c7958/climate_ep1/config', already discovered
Oct 14 16:05:22 zigbee2mqtt pnpm[4403]: [2025-10-14 16:05:22] debug:         z2m: Skipping discovery of 'select/0x1051dbfffe1c7958/fan_mode_ep1/config', already discovered
Oct 14 16:05:22 zigbee2mqtt pnpm[4403]: [2025-10-14 16:05:22] debug:         z2m: Skipping discovery of 'switch/0x1051dbfffe1c7958/switch_eco_mode_ep2/config', already discovered
Oct 14 16:05:22 zigbee2mqtt pnpm[4403]: [2025-10-14 16:05:22] debug:         z2m: Skipping discovery of 'switch/0x1051dbfffe1c7958/switch_swing_mode_ep3/config', already discovered
Oct 14 16:05:22 zigbee2mqtt pnpm[4403]: [2025-10-14 16:05:22] debug:         z2m: Skipping discovery of 'switch/0x1051dbfffe1c7958/switch_display_ep4/config', already discovered
Oct 14 16:05:22 zigbee2mqtt pnpm[4403]: [2025-10-14 16:05:22] debug:         z2m: Skipping discovery of 'switch/0x1051dbfffe1c7958/switch_night_mode_ep5/config', already discovered
Oct 14 16:05:22 zigbee2mqtt pnpm[4403]: [2025-10-14 16:05:22] debug:         z2m: Skipping discovery of 'switch/0x1051dbfffe1c7958/switch_purifier_ep6/config', already discovered
Oct 14 16:05:22 zigbee2mqtt pnpm[4403]: [2025-10-14 16:05:22] debug:         z2m: Skipping discovery of 'binary_sensor/0x1051dbfffe1c7958/clean_status_ep7/config', already discovered
Oct 14 16:05:22 zigbee2mqtt pnpm[4403]: [2025-10-14 16:05:22] debug:         z2m: Skipping discovery of 'switch/0x1051dbfffe1c7958/switch_mute_ep8/config', already discovered
Oct 14 16:05:22 zigbee2mqtt pnpm[4403]: [2025-10-14 16:05:22] debug:         z2m: Skipping discovery of 'sensor/0x1051dbfffe1c7958/error_text_ep1/config', already discovered
Oct 14 16:05:22 zigbee2mqtt pnpm[4403]: [2025-10-14 16:05:22] debug:         z2m: Skipping discovery of 'sensor/0x1051dbfffe1c7958/linkquality/config', already discovered
Oct 14 16:05:59 zigbee2mqtt pnpm[4403]: [2025-10-14 16:05:59] debug:         z2m:mqtt: Received MQTT message on 'zigbee2mqtt/bridge/request/device/configure' with data '{"id":"0x1051dbfffe1c7958","transaction":"nld4w-3"}'
Oct 14 16:05:59 zigbee2mqtt pnpm[4403]: [2025-10-14 16:05:59] info:         z2m: Configuring '0x1051dbfffe1c7958'
Oct 14 16:05:59 zigbee2mqtt pnpm[4403]: [2025-10-14 16:05:59] debug:         zh:controller:endpoint: Bind 0x1051dbfffe1c7958/1 genBasic from '0x00124b001ca1639b/1'
Oct 14 16:05:59 zigbee2mqtt pnpm[4403]: [2025-10-14 16:05:59] debug:         zh:controller:endpoint: Bind 0x1051dbfffe1c7958/1 hvacThermostat from '0x00124b001ca1639b/1'
Oct 14 16:05:59 zigbee2mqtt pnpm[4403]: [2025-10-14 16:05:59] debug:         zh:controller:endpoint: Bind 0x1051dbfffe1c7958/1 hvacFanCtrl from '0x00124b001ca1639b/1'
Oct 14 16:05:59 zigbee2mqtt pnpm[4403]: [2025-10-14 16:05:59] debug:         zh:controller:endpoint: ZCL command 0x1051dbfffe1c7958/1 hvacThermostat.configReport([{"attribute":"localTemp","minimumReportInterval":0,"maximumReportInterval":3600,"reportableChange":10}], {"timeout":10000,"disableResponse":false,"disableRecovery":false,"disableDefaultResponse":true,"direction":0,"reservedBits":0,"writeUndiv":false})
Oct 14 16:05:59 zigbee2mqtt pnpm[4403]: [2025-10-14 16:05:59] debug:         zh:zstack: sendZclFrameToEndpointInternal 0x1051dbfffe1c7958:49962/1 (0,0,1)
Oct 14 16:05:59 zigbee2mqtt pnpm[4403]: [2025-10-14 16:05:59] debug:         zh:controller:endpoint: ZCL command 0x1051dbfffe1c7958/1 hvacThermostat.defaultRsp({"cmdId":10,"statusCode":0}, {"timeout":10000,"disableResponse":false,"disableRecovery":false,"disableDefaultResponse":true,"direction":1,"reservedBits":0,"transactionSequenceNumber":0,"writeUndiv":false})
Oct 14 16:05:59 zigbee2mqtt pnpm[4403]: [2025-10-14 16:05:59] debug:         z2m: Received Zigbee message from '0x1051dbfffe1c7958', type 'attributeReport', cluster 'hvacThermostat', data '{"localTemp":2500}' from endpoint 1 with groupID 0
Oct 14 16:05:59 zigbee2mqtt pnpm[4403]: [2025-10-14 16:05:59] info:         z2m:mqtt: MQTT publish: topic 'zigbee2mqtt/0x1051dbfffe1c7958', payload '{"clean_status":"OFF","clean_status_ep7":null,"display":"ON","display_ep4":"ON","eco_mode":"OFF","eco_mode_ep2":"OFF","error_text_ep1":null,"fan_mode_ep1":"auto","linkquality":131,"local_temperature_ep1":25,"mute":"ON","mute_ep8":"ON","night_mode":"OFF","night_mode_ep5":"OFF","occupied_heating_setpoint_ep1":21,"purifier":"ON","purifier_ep6":"ON","running_state_ep1":null,"swing_mode":"OFF","swing_mode_ep3":"OFF","system_mode_ep1":"off"}'
Oct 14 16:05:59 zigbee2mqtt pnpm[4403]: [2025-10-14 16:05:59] debug:         zh:zstack: sendZclFrameToEndpointInternal 0x1051dbfffe1c7958:49962/1 (0,0,1)
Oct 14 16:05:59 zigbee2mqtt pnpm[4403]: [2025-10-14 16:05:59] debug:         zh:controller:endpoint: Bind 0x1051dbfffe1c7958/2 genOnOff from '0x00124b001ca1639b/1'
Oct 14 16:05:59 zigbee2mqtt pnpm[4403]: [2025-10-14 16:05:59] debug:         zh:controller:endpoint: ZCL command 0x1051dbfffe1c7958/8 genOnOff.defaultRsp({"cmdId":10,"statusCode":0}, {"timeout":10000,"disableResponse":false,"disableRecovery":false,"disableDefaultResponse":true,"direction":1,"reservedBits":0,"transactionSequenceNumber":1,"writeUndiv":false})
Oct 14 16:05:59 zigbee2mqtt pnpm[4403]: [2025-10-14 16:05:59] debug:         z2m: Received Zigbee message from '0x1051dbfffe1c7958', type 'attributeReport', cluster 'genOnOff', data '{"onOff":0}' from endpoint 8 with groupID 0
Oct 14 16:05:59 zigbee2mqtt pnpm[4403]: [2025-10-14 16:05:59] info:         z2m:mqtt: MQTT publish: topic 'zigbee2mqtt/0x1051dbfffe1c7958', payload '{"clean_status":"OFF","clean_status_ep7":null,"display":"ON","display_ep4":"ON","eco_mode":"OFF","eco_mode_ep2":"OFF","elapsed":14,"error_text_ep1":null,"fan_mode_ep1":"auto","linkquality":131,"local_temperature_ep1":25,"mute":"OFF","mute_ep8":"ON","night_mode":"OFF","night_mode_ep5":"OFF","occupied_heating_setpoint_ep1":21,"purifier":"ON","purifier_ep6":"ON","running_state_ep1":null,"swing_mode":"OFF","swing_mode_ep3":"OFF","system_mode_ep1":"off"}'
Oct 14 16:06:00 zigbee2mqtt pnpm[4403]: [2025-10-14 16:06:00] debug:         zh:zstack: sendZclFrameToEndpointInternal 0x1051dbfffe1c7958:49962/8 (0,0,1)
Oct 14 16:06:00 zigbee2mqtt pnpm[4403]: [2025-10-14 16:06:00] debug:         zh:controller:endpoint: ZCL command 0x1051dbfffe1c7958/2 genOnOff.configReport([{"attribute":"onOff","minimumReportInterval":0,"maximumReportInterval":3600,"reportableChange":0}], {"timeout":10000,"disableResponse":false,"disableRecovery":false,"disableDefaultResponse":true,"direction":0,"reservedBits":0,"writeUndiv":false})
Oct 14 16:06:00 zigbee2mqtt pnpm[4403]: [2025-10-14 16:06:00] debug:         zh:zstack: sendZclFrameToEndpointInternal 0x1051dbfffe1c7958:49962/2 (0,0,1)
Oct 14 16:06:00 zigbee2mqtt pnpm[4403]: [2025-10-14 16:06:00] debug:         zh:controller:endpoint: ZCL command 0x1051dbfffe1c7958/2 genOnOff.defaultRsp({"cmdId":10,"statusCode":0}, {"timeout":10000,"disableResponse":false,"disableRecovery":false,"disableDefaultResponse":true,"direction":1,"reservedBits":0,"transactionSequenceNumber":2,"writeUndiv":false})
Oct 14 16:06:00 zigbee2mqtt pnpm[4403]: [2025-10-14 16:06:00] debug:         z2m: Received Zigbee message from '0x1051dbfffe1c7958', type 'attributeReport', cluster 'genOnOff', data '{"onOff":0}' from endpoint 2 with groupID 0
Oct 14 16:06:00 zigbee2mqtt pnpm[4403]: [2025-10-14 16:06:00] debug:         zh:zstack: sendZclFrameToEndpointInternal 0x1051dbfffe1c7958:49962/2 (0,0,1)
Oct 14 16:06:00 zigbee2mqtt pnpm[4403]: [2025-10-14 16:06:00] info:         z2m:mqtt: MQTT publish: topic 'zigbee2mqtt/0x1051dbfffe1c7958', payload '{"clean_status":"OFF","clean_status_ep7":null,"display":"ON","display_ep4":"ON","eco_mode":"OFF","eco_mode_ep2":"OFF","elapsed":343,"error_text_ep1":null,"fan_mode_ep1":"auto","linkquality":127,"local_temperature_ep1":25,"mute":"OFF","mute_ep8":"ON","night_mode":"OFF","night_mode_ep5":"OFF","occupied_heating_setpoint_ep1":21,"purifier":"ON","purifier_ep6":"ON","running_state_ep1":null,"swing_mode":"OFF","swing_mode_ep3":"OFF","system_mode_ep1":"off"}'
Oct 14 16:06:00 zigbee2mqtt pnpm[4403]: [2025-10-14 16:06:00] debug:         zh:controller:endpoint: Bind 0x1051dbfffe1c7958/3 genOnOff from '0x00124b001ca1639b/1'
Oct 14 16:06:00 zigbee2mqtt pnpm[4403]: [2025-10-14 16:06:00] debug:         zh:controller:endpoint: ZCL command 0x1051dbfffe1c7958/3 genOnOff.configReport([{"attribute":"onOff","minimumReportInterval":0,"maximumReportInterval":3600,"reportableChange":0}], {"timeout":10000,"disableResponse":false,"disableRecovery":false,"disableDefaultResponse":true,"direction":0,"reservedBits":0,"writeUndiv":false})
Oct 14 16:06:00 zigbee2mqtt pnpm[4403]: [2025-10-14 16:06:00] debug:         zh:zstack: sendZclFrameToEndpointInternal 0x1051dbfffe1c7958:49962/3 (0,0,1)
Oct 14 16:06:00 zigbee2mqtt pnpm[4403]: [2025-10-14 16:06:00] debug:         zh:controller:endpoint: ZCL command 0x1051dbfffe1c7958/3 genOnOff.defaultRsp({"cmdId":10,"statusCode":0}, {"timeout":10000,"disableResponse":false,"disableRecovery":false,"disableDefaultResponse":true,"direction":1,"reservedBits":0,"transactionSequenceNumber":3,"writeUndiv":false})
Oct 14 16:06:00 zigbee2mqtt pnpm[4403]: [2025-10-14 16:06:00] debug:         z2m: Received Zigbee message from '0x1051dbfffe1c7958', type 'attributeReport', cluster 'genOnOff', data '{"onOff":0}' from endpoint 3 with groupID 0
Oct 14 16:06:00 zigbee2mqtt pnpm[4403]: [2025-10-14 16:06:00] debug:         zh:zstack: sendZclFrameToEndpointInternal 0x1051dbfffe1c7958:49962/3 (0,0,1)
Oct 14 16:06:00 zigbee2mqtt pnpm[4403]: [2025-10-14 16:06:00] info:         z2m:mqtt: MQTT publish: topic 'zigbee2mqtt/0x1051dbfffe1c7958', payload '{"clean_status":"OFF","clean_status_ep7":null,"display":"ON","display_ep4":"ON","eco_mode":"OFF","eco_mode_ep2":"OFF","elapsed":301,"error_text_ep1":null,"fan_mode_ep1":"auto","linkquality":131,"local_temperature_ep1":25,"mute":"OFF","mute_ep8":"ON","night_mode":"OFF","night_mode_ep5":"OFF","occupied_heating_setpoint_ep1":21,"purifier":"ON","purifier_ep6":"ON","running_state_ep1":null,"swing_mode":"OFF","swing_mode_ep3":"OFF","system_mode_ep1":"off"}'
Oct 14 16:06:00 zigbee2mqtt pnpm[4403]: [2025-10-14 16:06:00] debug:         zh:controller:endpoint: Bind 0x1051dbfffe1c7958/4 genOnOff from '0x00124b001ca1639b/1'
Oct 14 16:06:00 zigbee2mqtt pnpm[4403]: [2025-10-14 16:06:00] debug:         zh:controller:endpoint: ZCL command 0x1051dbfffe1c7958/4 genOnOff.configReport([{"attribute":"onOff","minimumReportInterval":0,"maximumReportInterval":3600,"reportableChange":0}], {"timeout":10000,"disableResponse":false,"disableRecovery":false,"disableDefaultResponse":true,"direction":0,"reservedBits":0,"writeUndiv":false})
Oct 14 16:06:00 zigbee2mqtt pnpm[4403]: [2025-10-14 16:06:00] debug:         zh:zstack: sendZclFrameToEndpointInternal 0x1051dbfffe1c7958:49962/4 (0,0,1)
Oct 14 16:06:00 zigbee2mqtt pnpm[4403]: [2025-10-14 16:06:00] debug:         zh:controller:endpoint: ZCL command 0x1051dbfffe1c7958/4 genOnOff.defaultRsp({"cmdId":10,"statusCode":0}, {"timeout":10000,"disableResponse":false,"disableRecovery":false,"disableDefaultResponse":true,"direction":1,"reservedBits":0,"transactionSequenceNumber":4,"writeUndiv":false})
Oct 14 16:06:00 zigbee2mqtt pnpm[4403]: [2025-10-14 16:06:00] debug:         z2m: Received Zigbee message from '0x1051dbfffe1c7958', type 'attributeReport', cluster 'genOnOff', data '{"onOff":1}' from endpoint 4 with groupID 0
Oct 14 16:06:00 zigbee2mqtt pnpm[4403]: [2025-10-14 16:06:00] debug:         zh:zstack: sendZclFrameToEndpointInternal 0x1051dbfffe1c7958:49962/4 (0,0,1)
Oct 14 16:06:00 zigbee2mqtt pnpm[4403]: [2025-10-14 16:06:00] info:         z2m:mqtt: MQTT publish: topic 'zigbee2mqtt/0x1051dbfffe1c7958', payload '{"clean_status":"OFF","clean_status_ep7":null,"display":"ON","display_ep4":"ON","eco_mode":"OFF","eco_mode_ep2":"OFF","elapsed":295,"error_text_ep1":null,"fan_mode_ep1":"auto","linkquality":127,"local_temperature_ep1":25,"mute":"OFF","mute_ep8":"ON","night_mode":"OFF","night_mode_ep5":"OFF","occupied_heating_setpoint_ep1":21,"purifier":"ON","purifier_ep6":"ON","running_state_ep1":null,"swing_mode":"OFF","swing_mode_ep3":"OFF","system_mode_ep1":"off"}'
Oct 14 16:06:00 zigbee2mqtt pnpm[4403]: [2025-10-14 16:06:00] debug:         zh:controller:endpoint: Bind 0x1051dbfffe1c7958/5 genOnOff from '0x00124b001ca1639b/1'
Oct 14 16:06:01 zigbee2mqtt pnpm[4403]: [2025-10-14 16:06:01] debug:         zh:controller:endpoint: ZCL command 0x1051dbfffe1c7958/5 genOnOff.configReport([{"attribute":"onOff","minimumReportInterval":0,"maximumReportInterval":3600,"reportableChange":0}], {"timeout":10000,"disableResponse":false,"disableRecovery":false,"disableDefaultResponse":true,"direction":0,"reservedBits":0,"writeUndiv":false})
Oct 14 16:06:01 zigbee2mqtt pnpm[4403]: [2025-10-14 16:06:01] debug:         zh:zstack: sendZclFrameToEndpointInternal 0x1051dbfffe1c7958:49962/5 (0,0,1)
Oct 14 16:06:01 zigbee2mqtt pnpm[4403]: [2025-10-14 16:06:01] debug:         zh:controller:endpoint: ZCL command 0x1051dbfffe1c7958/5 genOnOff.defaultRsp({"cmdId":10,"statusCode":0}, {"timeout":10000,"disableResponse":false,"disableRecovery":false,"disableDefaultResponse":true,"direction":1,"reservedBits":0,"transactionSequenceNumber":5,"writeUndiv":false})
Oct 14 16:06:01 zigbee2mqtt pnpm[4403]: [2025-10-14 16:06:01] debug:         z2m: Received Zigbee message from '0x1051dbfffe1c7958', type 'attributeReport', cluster 'genOnOff', data '{"onOff":0}' from endpoint 5 with groupID 0
Oct 14 16:06:01 zigbee2mqtt pnpm[4403]: [2025-10-14 16:06:01] debug:         zh:zstack: sendZclFrameToEndpointInternal 0x1051dbfffe1c7958:49962/5 (0,0,1)
Oct 14 16:06:01 zigbee2mqtt pnpm[4403]: [2025-10-14 16:06:01] info:         z2m:mqtt: MQTT publish: topic 'zigbee2mqtt/0x1051dbfffe1c7958', payload '{"clean_status":"OFF","clean_status_ep7":null,"display":"ON","display_ep4":"ON","eco_mode":"OFF","eco_mode_ep2":"OFF","elapsed":483,"error_text_ep1":null,"fan_mode_ep1":"auto","linkquality":127,"local_temperature_ep1":25,"mute":"OFF","mute_ep8":"ON","night_mode":"OFF","night_mode_ep5":"OFF","occupied_heating_setpoint_ep1":21,"purifier":"ON","purifier_ep6":"ON","running_state_ep1":null,"swing_mode":"OFF","swing_mode_ep3":"OFF","system_mode_ep1":"off"}'
Oct 14 16:06:01 zigbee2mqtt pnpm[4403]: [2025-10-14 16:06:01] debug:         zh:controller:endpoint: Bind 0x1051dbfffe1c7958/6 genOnOff from '0x00124b001ca1639b/1'
Oct 14 16:06:01 zigbee2mqtt pnpm[4403]: [2025-10-14 16:06:01] debug:         zh:controller:endpoint: ZCL command 0x1051dbfffe1c7958/6 genOnOff.configReport([{"attribute":"onOff","minimumReportInterval":0,"maximumReportInterval":3600,"reportableChange":0}], {"timeout":10000,"disableResponse":false,"disableRecovery":false,"disableDefaultResponse":true,"direction":0,"reservedBits":0,"writeUndiv":false})
Oct 14 16:06:01 zigbee2mqtt pnpm[4403]: [2025-10-14 16:06:01] debug:         zh:zstack: sendZclFrameToEndpointInternal 0x1051dbfffe1c7958:49962/6 (0,0,1)
Oct 14 16:06:01 zigbee2mqtt pnpm[4403]: [2025-10-14 16:06:01] debug:         zh:controller:endpoint: Bind 0x1051dbfffe1c7958/7 genOnOff from '0x00124b001ca1639b/1'
Oct 14 16:06:01 zigbee2mqtt pnpm[4403]: [2025-10-14 16:06:01] debug:         zh:controller:endpoint: ZCL command 0x1051dbfffe1c7958/6 genOnOff.defaultRsp({"cmdId":10,"statusCode":0}, {"timeout":10000,"disableResponse":false,"disableRecovery":false,"disableDefaultResponse":true,"direction":1,"reservedBits":0,"transactionSequenceNumber":6,"writeUndiv":false})
Oct 14 16:06:01 zigbee2mqtt pnpm[4403]: [2025-10-14 16:06:01] debug:         z2m: Received Zigbee message from '0x1051dbfffe1c7958', type 'attributeReport', cluster 'genOnOff', data '{"onOff":0}' from endpoint 6 with groupID 0
Oct 14 16:06:01 zigbee2mqtt pnpm[4403]: [2025-10-14 16:06:01] info:         z2m:mqtt: MQTT publish: topic 'zigbee2mqtt/0x1051dbfffe1c7958', payload '{"clean_status":"OFF","clean_status_ep7":null,"display":"ON","display_ep4":"ON","eco_mode":"OFF","eco_mode_ep2":"OFF","elapsed":317,"error_text_ep1":null,"fan_mode_ep1":"auto","linkquality":127,"local_temperature_ep1":25,"mute":"OFF","mute_ep8":"ON","night_mode":"OFF","night_mode_ep5":"OFF","occupied_heating_setpoint_ep1":21,"purifier":"OFF","purifier_ep6":"ON","running_state_ep1":null,"swing_mode":"OFF","swing_mode_ep3":"OFF","system_mode_ep1":"off"}'
Oct 14 16:06:01 zigbee2mqtt pnpm[4403]: [2025-10-14 16:06:01] debug:         zh:zstack: sendZclFrameToEndpointInternal 0x1051dbfffe1c7958:49962/6 (0,0,1)
Oct 14 16:06:01 zigbee2mqtt pnpm[4403]: [2025-10-14 16:06:01] debug:         zh:controller:endpoint: ZCL command 0x1051dbfffe1c7958/7 genOnOff.configReport([{"attribute":"onOff","minimumReportInterval":0,"maximumReportInterval":3600,"reportableChange":0}], {"timeout":10000,"disableResponse":false,"disableRecovery":false,"disableDefaultResponse":true,"direction":0,"reservedBits":0,"writeUndiv":false})
Oct 14 16:06:01 zigbee2mqtt pnpm[4403]: [2025-10-14 16:06:01] debug:         zh:zstack: sendZclFrameToEndpointInternal 0x1051dbfffe1c7958:49962/7 (0,0,1)
Oct 14 16:06:02 zigbee2mqtt pnpm[4403]: [2025-10-14 16:06:02] debug:         zh:controller:endpoint: ZCL command 0x1051dbfffe1c7958/7 genOnOff.defaultRsp({"cmdId":10,"statusCode":0}, {"timeout":10000,"disableResponse":false,"disableRecovery":false,"disableDefaultResponse":true,"direction":1,"reservedBits":0,"transactionSequenceNumber":7,"writeUndiv":false})
Oct 14 16:06:02 zigbee2mqtt pnpm[4403]: [2025-10-14 16:06:02] debug:         z2m: Received Zigbee message from '0x1051dbfffe1c7958', type 'attributeReport', cluster 'genOnOff', data '{"onOff":0}' from endpoint 7 with groupID 0
Oct 14 16:06:02 zigbee2mqtt pnpm[4403]: [2025-10-14 16:06:02] debug:         zh:zstack: sendZclFrameToEndpointInternal 0x1051dbfffe1c7958:49962/7 (0,0,1)
Oct 14 16:06:02 zigbee2mqtt pnpm[4403]: [2025-10-14 16:06:02] info:         z2m:mqtt: MQTT publish: topic 'zigbee2mqtt/0x1051dbfffe1c7958', payload '{"clean_status":"OFF","clean_status_ep7":null,"display":"ON","display_ep4":"ON","eco_mode":"OFF","eco_mode_ep2":"OFF","elapsed":375,"error_text_ep1":null,"fan_mode_ep1":"auto","linkquality":131,"local_temperature_ep1":25,"mute":"OFF","mute_ep8":"ON","night_mode":"OFF","night_mode_ep5":"OFF","occupied_heating_setpoint_ep1":21,"purifier":"OFF","purifier_ep6":"ON","running_state_ep1":null,"swing_mode":"OFF","swing_mode_ep3":"OFF","system_mode_ep1":"off"}'
Oct 14 16:06:02 zigbee2mqtt pnpm[4403]: [2025-10-14 16:06:02] debug:         zh:controller:endpoint: Bind 0x1051dbfffe1c7958/8 genOnOff from '0x00124b001ca1639b/1'
Oct 14 16:06:02 zigbee2mqtt pnpm[4403]: [2025-10-14 16:06:02] debug:         zh:controller:endpoint: ZCL command 0x1051dbfffe1c7958/8 genOnOff.configReport([{"attribute":"onOff","minimumReportInterval":0,"maximumReportInterval":3600,"reportableChange":0}], {"timeout":10000,"disableResponse":false,"disableRecovery":false,"disableDefaultResponse":true,"direction":0,"reservedBits":0,"writeUndiv":false})
Oct 14 16:06:02 zigbee2mqtt pnpm[4403]: [2025-10-14 16:06:02] debug:         zh:zstack: sendZclFrameToEndpointInternal 0x1051dbfffe1c7958:49962/8 (0,0,1)
Oct 14 16:06:02 zigbee2mqtt pnpm[4403]: [2025-10-14 16:06:02] info:         z2m: Successfully configured '0x1051dbfffe1c7958'
Oct 14 16:06:02 zigbee2mqtt pnpm[4403]: [2025-10-14 16:06:02] info:         z2m:mqtt: MQTT publish: topic 'zigbee2mqtt/bridge/response/device/configure', payload '{"data":{"id":"0x1051dbfffe1c7958"},"status":"ok","transaction":"nld4w-3"}'
